SF:lib\common\exit_button_widget.dart
DA:11,1
DA:17,1
DA:19,1
DA:20,1
DA:21,1
DA:22,0
DA:23,1
DA:24,1
DA:25,1
DA:26,1
DA:27,2
DA:28,1
DA:29,1
DA:30,4
DA:31,1
DA:33,3
DA:34,1
DA:40,0
DA:41,0
DA:42,0
DA:45,0
DA:46,0
DA:47,0
LF:23
LH:16
end_of_record
SF:lib\utils\constant\colors.dart
DA:5,14
DA:33,39
DA:35,39
LF:3
LH:3
end_of_record
SF:lib\utils\dimensions_extension.dart
DA:5,11
DA:7,44
DA:9,27
DA:13,12
DA:15,44
DA:17,9
DA:21,2
DA:22,2
DA:23,4
DA:24,4
DA:25,4
DA:26,4
DA:31,1
DA:32,1
DA:33,2
DA:34,2
DA:39,5
DA:40,25
DA:44,0
DA:47,3
DA:48,9
DA:51,0
DA:52,0
DA:55,0
DA:58,0
DA:61,0
DA:64,0
LF:27
LH:20
end_of_record
SF:lib\utils\constant\animations_paths.dart
DA:8,3
LF:1
LH:1
end_of_record
SF:lib\common\failures\common_failure.dart
DA:6,10
LF:1
LH:1
end_of_record
SF:lib\common\network\client_http.dart
DA:19,0
DA:20,0
DA:22,0
DA:23,0
DA:24,0
DA:26,0
DA:28,0
DA:30,0
DA:31,0
DA:32,0
DA:33,0
DA:36,0
DA:37,0
DA:43,0
DA:44,0
DA:46,0
DA:47,0
DA:48,0
DA:50,0
DA:52,0
DA:54,0
DA:55,0
DA:56,0
DA:57,0
DA:60,0
DA:61,0
DA:67,0
DA:69,0
DA:70,0
DA:71,0
DA:73,0
DA:74,0
DA:78,0
DA:79,0
DA:86,0
DA:88,0
DA:89,0
DA:90,0
DA:92,0
DA:93,0
DA:97,0
DA:98,0
LF:42
LH:0
end_of_record
SF:lib\data\models\comic_detail_model.dart
DA:9,0
DA:10,0
DA:12,0
DA:13,0
DA:25,14
DA:36,1
DA:37,1
DA:38,1
DA:39,1
DA:40,1
DA:41,1
DA:42,1
DA:43,1
DA:45,3
DA:46,1
DA:49,0
DA:50,0
DA:51,0
DA:52,0
DA:53,0
DA:54,0
DA:55,0
DA:56,0
DA:57,0
DA:94,2
DA:128,2
DA:129,1
DA:130,1
DA:131,1
DA:132,0
DA:133,2
DA:134,3
DA:135,1
DA:136,1
DA:137,0
DA:138,0
DA:139,1
DA:140,1
DA:141,0
DA:142,1
DA:143,1
DA:144,0
DA:145,0
DA:146,1
DA:148,0
DA:149,1
DA:151,0
DA:152,1
DA:154,0
DA:155,1
DA:156,1
DA:157,1
DA:158,1
DA:159,1
DA:160,1
DA:161,1
DA:162,1
DA:163,1
DA:164,1
DA:166,1
DA:167,1
DA:168,1
DA:169,1
DA:170,0
DA:171,0
DA:172,1
DA:173,1
DA:174,1
DA:175,0
DA:176,1
DA:177,1
DA:178,0
DA:179,0
DA:180,1
DA:181,1
DA:182,1
DA:183,1
DA:184,0
DA:185,1
DA:186,1
DA:187,0
DA:188,1
DA:189,1
DA:190,0
DA:191,1
DA:194,0
DA:195,0
DA:196,0
DA:197,0
DA:198,0
DA:199,0
DA:200,0
DA:201,0
DA:202,0
DA:203,0
DA:204,0
DA:205,0
DA:206,0
DA:207,0
DA:208,0
DA:210,0
DA:211,0
DA:212,0
DA:213,0
DA:214,0
DA:215,0
DA:216,0
DA:217,0
DA:218,0
DA:219,0
DA:220,0
DA:221,0
DA:222,0
DA:223,0
DA:224,0
DA:225,0
DA:226,0
DA:227,0
DA:228,0
DA:229,0
DA:230,0
DA:231,0
DA:232,0
DA:233,0
DA:234,0
DA:235,0
DA:236,0
DA:237,0
DA:238,0
DA:239,0
DA:240,0
DA:241,0
DA:242,0
DA:243,0
DA:244,0
DA:245,0
DA:246,0
DA:256,1
DA:263,1
DA:264,1
DA:265,1
DA:266,1
DA:267,1
DA:268,1
DA:271,0
DA:272,0
DA:273,0
DA:274,0
DA:275,0
DA:286,1
DA:294,0
DA:295,0
DA:296,0
DA:297,0
DA:298,0
DA:299,0
DA:302,0
DA:303,0
DA:304,0
DA:305,0
DA:306,0
DA:307,0
DA:323,0
DA:336,0
DA:337,0
DA:338,0
DA:339,0
DA:340,0
DA:341,0
DA:342,0
DA:343,0
DA:344,0
DA:345,0
DA:346,0
DA:349,0
DA:350,0
DA:351,0
DA:352,0
DA:353,0
DA:354,0
DA:355,0
DA:356,0
DA:357,0
DA:358,0
DA:359,0
LF:185
LH:63
end_of_record
SF:lib\data\models\http_response_model.dart
DA:13,2
DA:24,1
DA:25,1
DA:26,1
DA:27,1
DA:28,1
DA:29,1
DA:30,1
DA:31,1
DA:32,1
DA:33,1
DA:34,1
DA:35,4
DA:36,1
DA:39,2
DA:40,1
DA:41,1
DA:42,1
DA:43,1
DA:44,1
DA:45,1
DA:46,1
DA:47,1
DA:48,5
DA:49,1
LF:25
LH:25
end_of_record
SF:lib\common\network_failure_view.dart
DA:14,1
DA:17,1
DA:19,1
DA:20,1
DA:21,1
DA:23,1
DA:24,1
DA:25,2
DA:27,3
DA:29,1
DA:30,1
DA:31,4
DA:33,1
DA:34,1
DA:35,1
DA:36,2
DA:40,1
DA:42,1
DA:43,2
DA:45,0
DA:46,2
LF:21
LH:20
end_of_record
SF:lib\presentation\widget\auth_button_widget.dart
DA:6,6
DA:24,6
DA:26,6
DA:27,6
DA:28,6
DA:30,6
DA:37,6
DA:39,9
DA:40,9
DA:41,6
DA:42,6
DA:44,6
DA:45,6
LF:13
LH:13
end_of_record
SF:lib\presentation\widget\text_widget.dart
DA:16,109
DA:31,10
DA:33,10
DA:34,30
DA:35,10
DA:36,10
DA:37,10
DA:38,10
DA:39,10
DA:40,10
DA:41,10
DA:42,10
DA:43,10
DA:44,10
DA:45,10
LF:15
LH:15
end_of_record
SF:lib\utils\constant\path_images.dart
DA:10,18
LF:1
LH:1
end_of_record
SF:lib\utils\constant\routes.dart
DA:29,0
DA:30,0
DA:32,0
DA:33,0
DA:35,0
DA:37,0
DA:38,0
DA:40,0
DA:42,0
DA:43,0
DA:45,0
DA:47,0
DA:48,0
DA:50,0
DA:52,0
DA:53,0
DA:55,0
DA:57,0
DA:58,0
DA:60,0
DA:62,0
DA:63,0
DA:65,0
DA:67,0
DA:68,0
DA:70,0
DA:72,0
DA:73,0
DA:75,0
DA:77,0
DA:78,0
DA:79,0
DA:81,0
DA:82,0
DA:85,0
DA:87,0
DA:88,0
DA:93,0
DA:94,0
DA:98,0
DA:99,0
LF:41
LH:0
end_of_record
SF:lib\data\data_source\comic_data_source.dart
DA:25,1
DA:30,1
DA:32,4
DA:35,1
DA:37,2
DA:38,2
DA:41,1
DA:43,2
DA:44,2
DA:47,1
DA:49,2
DA:50,2
LF:12
LH:12
end_of_record
SF:lib\data\models\associated_Image_model.dart
DA:3,4
DA:11,1
DA:18,0
DA:19,0
DA:20,0
DA:21,0
DA:22,0
DA:23,0
DA:26,2
DA:27,1
DA:28,1
DA:29,1
DA:30,4
LF:13
LH:7
end_of_record
SF:lib\data\models\result_model.dart
DA:23,13
DA:42,4
DA:43,2
DA:44,2
DA:45,2
DA:46,2
DA:47,2
DA:48,2
DA:49,2
DA:50,2
DA:51,2
DA:53,4
DA:54,2
DA:55,2
DA:56,0
DA:57,0
DA:58,2
DA:59,2
DA:60,2
DA:61,2
DA:62,2
DA:65,6
DA:66,3
DA:67,3
DA:68,3
DA:69,3
DA:70,3
DA:71,3
DA:72,3
DA:73,3
DA:74,4
DA:75,3
DA:76,3
DA:77,5
DA:78,3
DA:79,3
DA:80,3
DA:81,3
DA:82,4
DA:90,3
DA:92,2
DA:93,10
DA:94,2
LF:43
LH:41
end_of_record
SF:lib\data\models\image_model.dart
DA:4,8
DA:18,4
DA:31,3
DA:32,2
DA:33,2
DA:34,2
DA:35,2
DA:36,2
DA:37,2
DA:38,2
DA:39,2
DA:40,2
DA:41,8
DA:44,4
DA:45,2
DA:46,2
DA:47,2
DA:48,2
DA:49,2
DA:50,2
DA:51,2
DA:52,2
DA:53,2
DA:54,8
LF:24
LH:24
end_of_record
SF:lib\data\models\firebase_use_model.dart
DA:8,12
DA:10,0
DA:11,0
DA:12,0
DA:13,0
DA:14,0
LF:6
LH:1
end_of_record
SF:lib\data\models\value_response_model.dart
DA:7,2
DA:14,2
DA:15,1
DA:16,1
DA:17,1
DA:18,1
DA:21,4
DA:22,2
DA:23,2
DA:24,2
DA:25,2
LF:11
LH:11
end_of_record
SF:lib\data\repositories\auth_repository_impl.dart
DA:11,0
DA:12,0
DA:20,0
DA:23,0
DA:28,0
DA:33,0
DA:34,0
DA:35,0
DA:36,0
DA:41,0
DA:46,0
DA:51,0
DA:52,0
DA:53,0
DA:54,0
DA:59,0
DA:62,0
DA:63,0
DA:64,0
DA:65,0
DA:70,0
DA:73,0
DA:74,0
DA:75,0
DA:76,0
LF:25
LH:0
end_of_record
SF:lib\data\repositories\comic_repository_impl.dart
DA:16,0
DA:19,0
DA:22,0
DA:23,0
DA:24,0
DA:25,0
DA:28,0
DA:29,0
DA:31,0
DA:36,0
DA:39,0
DA:40,0
DA:41,0
DA:42,0
DA:45,0
DA:46,0
DA:48,0
DA:53,0
DA:56,0
DA:57,0
DA:58,0
DA:59,0
DA:62,0
DA:63,0
DA:65,0
DA:70,0
DA:75,0
DA:76,0
DA:77,0
DA:78,0
DA:80,0
DA:82,0
LF:32
LH:0
end_of_record
SF:lib\domain\usecases\auth_use_case.dart
DA:11,1
DA:14,1
DA:16,2
DA:20,1
DA:22,2
DA:26,1
DA:27,2
DA:31,1
DA:32,2
LF:9
LH:9
end_of_record
SF:lib\domain\usecases\comic_use_case.dart
DA:12,1
DA:15,1
DA:16,2
DA:20,1
DA:21,2
DA:25,1
DA:26,2
DA:30,1
DA:32,2
LF:9
LH:9
end_of_record
SF:lib\presentation\controllers\auth_controller.dart
DA:18,24
DA:27,1
DA:28,2
DA:29,2
DA:30,2
DA:32,1
DA:33,0
DA:34,0
DA:36,0
DA:38,0
DA:40,1
DA:45,1
DA:46,2
DA:47,2
DA:48,2
DA:50,1
DA:51,0
DA:52,0
DA:54,0
DA:56,0
DA:58,1
DA:63,1
DA:64,4
DA:65,1
DA:66,0
DA:67,0
DA:69,1
DA:74,1
DA:75,1
DA:76,1
DA:77,1
DA:79,2
DA:80,1
DA:81,0
DA:82,0
DA:84,1
DA:89,1
DA:90,3
DA:91,0
DA:92,2
DA:93,3
DA:94,0
DA:95,2
DA:97,1
DA:99,1
DA:100,2
DA:108,3
DA:116,1
DA:117,3
DA:122,2
DA:124,2
DA:125,2
DA:127,2
DA:128,2
DA:132,1
DA:133,2
DA:134,1
DA:135,0
DA:136,0
DA:137,1
DA:141,1
DA:142,1
DA:143,3
DA:147,1
DA:153,1
DA:154,1
DA:156,0
DA:158,0
DA:159,0
DA:162,1
DA:163,3
DA:164,1
DA:165,1
DA:168,5
DA:169,1
DA:176,1
DA:177,1
DA:178,1
DA:180,3
DA:184,1
DA:185,1
DA:186,1
DA:188,3
DA:192,1
DA:193,1
DA:194,1
DA:195,3
DA:199,1
DA:200,3
DA:201,2
DA:202,2
DA:206,1
DA:207,2
DA:208,1
DA:209,0
DA:210,0
DA:211,1
DA:215,1
DA:216,2
DA:217,1
DA:218,0
DA:219,0
DA:220,1
DA:224,1
DA:225,3
DA:229,1
DA:230,3
DA:231,4
DA:232,2
DA:233,1
DA:234,1
DA:235,3
DA:236,0
DA:238,3
DA:243,1
DA:245,2
DA:246,1
DA:248,0
DA:249,1
DA:253,1
DA:255,1
DA:256,1
DA:257,2
DA:258,3
DA:266,21
DA:267,14
DA:268,14
DA:269,14
LF:128
LH:103
end_of_record
SF:lib\presentation\controllers\auth_state.dart
DA:15,8
DA:25,8
DA:27,1
DA:38,1
DA:39,1
DA:40,1
DA:41,1
DA:42,1
DA:43,1
DA:44,1
DA:45,1
DA:46,1
DA:47,1
LF:13
LH:13
end_of_record
SF:lib\utils\utils.dart
DA:8,0
DA:11,3
DA:12,3
DA:13,6
DA:14,1
DA:21,0
DA:22,0
DA:28,0
DA:31,0
DA:40,0
DA:41,0
DA:45,1
DA:46,1
DA:47,1
DA:48,1
DA:51,2
DA:52,2
DA:53,0
DA:61,0
DA:67,0
DA:71,0
DA:81,0
DA:89,2
DA:90,2
DA:91,2
DA:92,1
LF:26
LH:14
end_of_record
SF:lib\presentation\screens\contents_page\contents_page.dart
DA:11,34
DA:13,1
DA:15,2
DA:16,1
DA:17,2
DA:18,1
DA:19,1
DA:20,1
DA:22,1
DA:25,1
DA:26,2
DA:27,1
DA:31,2
DA:34,1
DA:35,2
DA:36,1
DA:37,1
DA:38,2
LF:18
LH:18
end_of_record
SF:lib\presentation\widget\account_vertical_widget.dart
DA:16,3
DA:23,3
DA:25,3
DA:27,3
DA:29,3
DA:31,9
DA:32,1
DA:33,2
DA:35,1
DA:36,0
DA:37,0
DA:38,1
DA:41,1
DA:42,2
DA:43,1
DA:45,1
DA:46,1
DA:47,1
DA:48,1
DA:49,1
DA:50,1
DA:51,1
DA:53,1
DA:54,1
DA:55,1
DA:56,1
DA:57,1
DA:58,2
DA:60,1
DA:62,0
DA:68,1
DA:70,1
DA:71,1
DA:72,1
DA:74,1
DA:75,1
DA:82,3
DA:83,2
DA:87,1
DA:91,1
DA:92,0
DA:94,2
DA:112,0
DA:113,0
DA:114,0
DA:115,0
DA:116,0
DA:118,0
DA:120,0
LF:49
LH:38
end_of_record
SF:lib\presentation\widget\footer_navigation_bar.dart
DA:11,132
DA:16,4
DA:18,4
DA:22,4
DA:24,4
DA:25,4
DA:26,8
DA:31,4
DA:32,4
DA:33,8
DA:40,4
DA:41,4
DA:42,8
DA:43,4
DA:44,4
DA:46,8
DA:48,12
DA:49,0
DA:51,4
DA:52,4
DA:54,8
DA:56,12
DA:57,0
DA:59,4
DA:60,4
DA:62,8
DA:64,12
DA:65,0
DA:67,4
DA:68,4
DA:70,8
DA:72,12
DA:73,0
LF:33
LH:29
end_of_record
SF:lib\presentation\screens\dashboard_page\dashboard_page.dart
DA:13,34
DA:15,1
DA:17,1
DA:18,2
DA:19,1
DA:20,1
DA:22,1
DA:24,1
DA:25,2
DA:27,1
DA:28,2
DA:30,1
DA:31,2
DA:33,1
DA:41,1
DA:42,1
DA:43,1
DA:44,2
DA:45,1
DA:47,2
DA:48,1
DA:49,1
DA:50,1
DA:52,3
DA:58,1
DA:59,1
DA:62,2
DA:68,1
DA:69,1
DA:71,1
DA:73,1
DA:75,2
DA:76,2
DA:77,0
DA:79,2
DA:81,1
DA:83,2
DA:84,2
DA:85,0
DA:91,0
DA:92,0
DA:93,0
DA:95,0
DA:97,0
DA:102,1
LF:45
LH:38
end_of_record
SF:lib\presentation\widget\appbar_widget.dart
DA:9,1
DA:16,0
DA:18,0
DA:19,0
DA:20,0
DA:24,0
DA:26,0
DA:28,0
DA:31,0
DA:32,0
DA:35,0
DA:36,0
DA:37,0
LF:13
LH:1
end_of_record
SF:lib\presentation\screens\home_page\home_page.dart
DA:22,34
DA:24,1
DA:25,1
DA:32,1
DA:34,1
DA:35,1
DA:38,1
DA:39,1
DA:40,0
DA:43,0
DA:44,0
DA:45,0
DA:47,0
DA:49,0
DA:50,0
DA:51,0
DA:53,0
DA:54,0
DA:55,0
DA:56,0
DA:57,0
DA:59,0
DA:60,0
DA:62,0
DA:63,0
DA:66,0
DA:67,0
DA:68,0
DA:69,0
DA:72,1
DA:74,1
DA:75,2
DA:76,1
DA:77,2
DA:78,2
DA:79,0
DA:80,1
DA:81,1
DA:82,1
DA:84,1
DA:87,1
DA:88,1
DA:90,1
DA:91,1
DA:92,1
DA:94,2
DA:95,2
DA:96,2
DA:97,1
DA:111,1
DA:112,1
DA:114,1
DA:115,1
DA:116,0
DA:117,1
DA:119,1
DA:120,3
DA:121,2
DA:122,1
DA:124,2
DA:125,2
DA:136,1
DA:137,1
DA:139,1
DA:141,1
DA:142,1
DA:143,0
DA:144,1
DA:146,1
DA:149,2
DA:153,2
DA:162,1
DA:163,2
DA:164,1
DA:167,1
DA:168,1
DA:170,1
DA:173,2
DA:178,1
DA:184,1
DA:185,1
DA:186,1
DA:188,1
DA:190,3
DA:191,0
DA:192,0
DA:193,0
DA:194,0
DA:202,1
DA:203,3
DA:204,2
DA:208,1
DA:209,2
DA:210,1
DA:212,1
DA:213,1
DA:214,2
DA:215,0
DA:216,1
DA:217,2
DA:218,0
DA:219,1
DA:220,2
DA:221,0
DA:227,1
DA:229,1
DA:231,1
DA:232,1
DA:233,1
DA:234,1
DA:235,1
DA:236,2
DA:239,1
DA:241,1
DA:252,0
DA:253,0
DA:254,0
DA:255,0
DA:257,0
DA:258,0
DA:260,0
DA:261,0
DA:263,0
DA:264,0
DA:269,0
LF:125
LH:83
end_of_record
SF:lib\presentation\widget\comic_item_widget.dart
DA:15,0
DA:22,0
DA:24,0
DA:25,0
DA:26,0
DA:29,0
DA:30,0
DA:32,0
DA:33,0
DA:34,0
DA:35,0
DA:37,0
DA:38,0
DA:39,0
DA:40,0
DA:41,0
DA:42,0
DA:49,0
DA:51,0
DA:52,0
DA:54,0
DA:55,0
DA:62,0
DA:63,0
DA:67,0
DA:71,0
DA:72,0
DA:85,0
DA:86,0
DA:87,0
DA:88,0
DA:89,0
DA:91,0
DA:93,0
LF:34
LH:0
end_of_record
SF:lib\presentation\widget\generic_textfield_widget.dart
DA:8,5
DA:50,5
DA:52,10
DA:53,5
DA:55,9
DA:56,10
DA:58,5
DA:59,5
DA:61,5
DA:62,10
DA:65,5
DA:66,5
DA:67,5
DA:69,5
DA:70,10
DA:71,5
DA:72,5
DA:73,5
DA:74,5
DA:75,7
DA:76,5
DA:79,10
DA:81,5
DA:82,5
DA:83,5
DA:86,5
DA:87,5
DA:88,5
DA:90,5
DA:92,10
DA:96,5
DA:99,10
DA:100,5
DA:101,2
DA:102,2
DA:103,4
DA:106,5
DA:115,0
DA:116,0
LF:39
LH:37
end_of_record
SF:lib\presentation\widget\loading_comic_item_widget.dart
DA:7,33
DA:11,0
DA:13,0
DA:16,0
DA:17,0
DA:19,0
DA:20,0
DA:21,0
DA:22,0
DA:23,0
DA:24,0
DA:25,0
DA:26,0
DA:28,0
DA:29,0
DA:35,0
DA:37,0
DA:38,0
DA:40,0
DA:41,0
DA:42,0
DA:43,0
DA:44,0
DA:45,0
DA:46,0
DA:47,0
DA:49,0
LF:27
LH:1
end_of_record
SF:lib\presentation\screens\login_page\login_page.dart
DA:17,34
DA:19,1
DA:21,1
DA:23,1
DA:24,1
DA:25,1
DA:28,1
DA:29,1
DA:30,1
DA:31,1
DA:32,1
DA:33,1
DA:42,1
DA:43,1
DA:44,1
DA:45,2
DA:58,2
DA:64,1
DA:65,3
DA:66,2
DA:68,1
DA:69,1
DA:70,1
DA:72,1
DA:73,1
DA:74,1
DA:76,2
DA:79,2
DA:80,0
DA:82,2
DA:83,0
DA:84,0
DA:85,0
DA:86,0
DA:89,2
DA:90,1
DA:91,1
DA:92,1
DA:94,2
DA:95,2
DA:98,1
DA:99,0
DA:100,1
DA:101,1
DA:103,0
DA:105,2
DA:106,0
DA:107,0
DA:108,0
DA:117,1
DA:118,1
DA:120,2
DA:121,2
DA:122,1
DA:123,1
DA:124,0
DA:128,0
DA:129,0
DA:130,0
DA:131,0
DA:132,0
DA:133,0
DA:134,0
DA:135,0
DA:136,0
DA:137,0
DA:138,0
DA:139,0
DA:140,0
DA:141,0
DA:143,0
DA:146,0
DA:152,1
DA:153,1
DA:154,1
DA:155,1
DA:156,0
DA:157,1
DA:159,1
DA:160,1
DA:163,2
DA:173,1
DA:174,1
DA:175,1
DA:177,1
DA:180,2
DA:184,1
DA:185,0
DA:186,1
DA:189,2
DA:198,0
DA:199,0
DA:200,0
DA:201,0
LF:94
LH:61
end_of_record
SF:lib\presentation\screens\profile_page\profile_page.dart
DA:17,34
DA:19,1
DA:20,1
DA:26,1
DA:28,1
DA:29,1
DA:32,1
DA:33,1
DA:34,0
DA:35,0
DA:36,0
DA:40,1
DA:42,1
DA:43,2
DA:44,1
DA:45,1
DA:46,1
DA:48,1
DA:51,1
DA:52,2
DA:65,1
DA:66,3
DA:68,1
DA:71,1
DA:72,1
DA:73,1
DA:74,2
DA:75,1
DA:77,2
DA:80,1
DA:81,1
DA:83,1
DA:85,2
DA:86,2
DA:89,1
DA:90,1
DA:92,1
DA:93,2
DA:95,0
DA:96,2
DA:98,1
DA:99,1
LF:42
LH:38
end_of_record
SF:lib\presentation\screens\register_page\register_page.dart
DA:16,34
DA:18,1
DA:20,1
DA:21,2
DA:22,1
DA:23,1
DA:24,1
DA:27,1
DA:28,1
DA:29,1
DA:30,1
DA:31,1
DA:40,1
DA:41,1
DA:42,1
DA:43,2
DA:44,1
DA:47,2
DA:50,1
DA:53,2
DA:56,2
DA:62,1
DA:63,3
DA:64,2
DA:66,1
DA:67,1
DA:68,1
DA:70,1
DA:71,1
DA:72,1
DA:74,2
DA:77,2
DA:78,0
DA:80,2
DA:81,0
DA:82,0
DA:83,0
DA:84,0
DA:87,1
DA:88,1
DA:89,2
DA:92,1
DA:93,1
DA:94,1
DA:96,2
DA:97,2
DA:100,1
DA:101,0
DA:102,1
DA:103,1
DA:105,0
DA:107,2
DA:108,1
DA:109,1
DA:110,3
DA:119,1
DA:120,1
DA:121,1
DA:122,2
DA:123,1
DA:125,2
DA:126,2
DA:127,1
DA:128,1
DA:129,0
DA:135,0
DA:136,0
DA:137,0
DA:138,0
DA:139,0
DA:140,0
DA:141,0
DA:142,0
DA:143,0
DA:144,0
DA:146,0
DA:147,0
DA:148,0
DA:149,0
DA:151,0
DA:154,0
DA:161,1
DA:162,1
DA:163,1
DA:165,1
DA:168,2
DA:172,1
DA:173,0
DA:174,1
DA:177,2
DA:187,0
DA:188,0
DA:189,0
DA:190,0
LF:94
LH:65
end_of_record
SF:lib\presentation\screens\reset_password_page\reset_password_page.dart
DA:15,34
DA:17,1
DA:19,1
DA:20,2
DA:21,1
DA:22,1
DA:23,1
DA:26,1
DA:28,1
DA:30,1
DA:32,1
DA:34,1
DA:43,1
DA:44,1
DA:45,1
DA:46,2
DA:47,1
DA:50,2
DA:53,1
DA:56,2
DA:59,2
DA:65,1
DA:66,3
DA:67,1
DA:68,1
DA:69,1
DA:70,1
DA:71,1
DA:72,1
DA:74,2
DA:77,2
DA:79,2
DA:86,1
DA:87,1
DA:88,1
DA:89,2
DA:90,1
DA:92,2
DA:93,2
DA:94,1
DA:95,1
DA:96,0
DA:103,0
DA:104,0
DA:105,0
DA:106,0
DA:107,0
DA:108,0
DA:113,1
DA:114,1
DA:115,1
DA:116,2
DA:117,1
DA:118,0
DA:119,1
DA:122,2
LF:56
LH:48
end_of_record
SF:lib\presentation\screens\search_page\search_page.dart
DA:20,34
DA:21,1
DA:23,2
DA:24,1
DA:26,1
DA:28,1
DA:29,1
DA:30,1
DA:31,1
DA:34,1
DA:35,1
DA:36,2
DA:37,1
DA:40,1
DA:41,1
DA:42,1
DA:47,2
DA:48,1
DA:49,1
DA:52,1
DA:53,1
DA:55,1
DA:56,1
DA:58,1
DA:59,3
DA:61,1
DA:63,2
DA:65,1
DA:67,2
DA:85,1
DA:86,3
DA:87,1
DA:89,1
DA:91,1
DA:92,1
DA:94,1
DA:95,1
DA:97,2
DA:101,2
DA:102,0
DA:111,1
DA:112,2
DA:114,1
DA:116,1
DA:117,2
DA:118,0
DA:120,0
DA:123,0
DA:127,1
DA:128,1
DA:130,1
DA:138,2
DA:139,0
DA:140,0
DA:141,0
DA:150,0
DA:152,0
DA:155,0
DA:156,0
DA:157,0
DA:158,0
DA:159,0
DA:160,0
DA:161,0
DA:163,0
DA:164,0
DA:165,0
DA:166,0
DA:175,0
DA:176,0
DA:177,0
DA:178,0
DA:179,0
DA:181,0
DA:183,0
LF:75
LH:48
end_of_record
SF:lib\presentation\widget\footer_item_widget.dart
DA:8,4
DA:23,4
DA:25,20
DA:26,4
DA:27,4
DA:28,4
DA:29,4
DA:30,4
DA:32,4
DA:33,4
DA:34,4
DA:35,4
DA:36,20
DA:41,4
DA:43,4
DA:44,4
DA:50,8
DA:51,4
DA:52,4
DA:57,8
LF:20
LH:20
end_of_record
SF:lib\utils\constant\paths_icons.dart
DA:9,15
LF:1
LH:1
end_of_record
SF:lib\utils\styles.dart
DA:7,6
DA:14,6
DA:17,2
LF:3
LH:3
end_of_record
SF:lib\data\models\associated_Image_model.dart
DA:3,4
DA:11,1
DA:18,1
DA:19,1
DA:20,1
DA:21,1
DA:22,1
DA:23,4
DA:26,0
DA:27,0
DA:28,0
DA:29,0
DA:30,0
LF:13
LH:8
end_of_record
SF:lib\data\models\comic_isus_model.dart
DA:19,1
DA:38,1
DA:39,1
DA:41,3
DA:42,1
DA:43,1
DA:44,1
DA:45,1
DA:46,1
DA:47,1
DA:48,1
DA:49,1
DA:50,3
DA:51,1
DA:52,2
DA:54,1
DA:55,1
DA:56,1
DA:57,1
DA:59,3
DA:76,1
DA:89,1
DA:90,1
DA:91,1
DA:92,1
DA:93,1
DA:94,1
DA:95,1
DA:96,1
DA:97,1
DA:98,1
DA:99,1
DA:100,1
DA:111,1
DA:118,1
DA:119,1
DA:120,1
DA:121,1
DA:122,1
DA:123,1
LF:40
LH:40
end_of_record
